<!DOCTYPE html>


<html>
	<head>
        <meta http-equiv="content-type" content="text/html; charset=UTF-8" />
		<title>DoclerTest Test Execution Report</title>
        <script type="text/javascript" src="http://code.jquery.com/jquery-1.6.2.min.js"></script>
        <script type="text/javascript">
            /**
            * jQuery.fn.sortElements
            * --------------
            * #author James Padolsey (http://james.padolsey.com)
            * #version 0.11
            * #updated 18-MAR-2010
            * #url https://raw.github.com/jamespadolsey/jQuery-Plugins/master/sortElements/jquery.sortElements.js
            * --------------
            * #param Function comparator:
            *   Exactly the same behaviour as [1,2,3].sort(comparator)
            *   
            * #param Function getSortable
            *   A function that should return the element that is
            *   to be sorted. The comparator will run on the
            *   current collection, but you may want the actual
            *   resulting sort to occur on a parent or another
            *   associated element.
            *   
            *   E.g. $('td').sortElements(comparator, function(){
            *      return this.parentNode; 
            *   })
            *   
            *   The <td>'s parent (<tr>) will be sorted instead
            *   of the <td> itself.
            */
            jQuery.fn.sortElements = (function () {

                var sort = [].sort;

                return function (comparator, getSortable) {

                    getSortable = getSortable || function () { return this; };

                    var placements = this.map(function () {

                        var sortElement = getSortable.call(this),
                parentNode = sortElement.parentNode,

                        // Since the element itself will change position, we have
                        // to have some way of storing it's original position in
                        // the DOM. The easiest way is to have a 'flag' node:
                nextSibling = parentNode.insertBefore(
                    document.createTextNode(''),
                    sortElement.nextSibling
                );

                        return function () {

                            if (parentNode === this) {
                                throw new Error(
                        "You can't sort elements if any one is a descendant of another."
                    );
                            }

                            // Insert before flag:
                            parentNode.insertBefore(this, nextSibling);
                            // Remove flag:
                            parentNode.removeChild(nextSibling);

                        };

                    });

                    return sort.call(this, comparator).each(function (i) {
                        placements[i].call(getSortable.call(this));
                    });

                };

            })();
        </script>
        <script type="text/javascript">
            jQuery.fn.setBarSizes = (function () {
                return function (metricName, maxBarSize, min) {
                    var max = Math.max.apply(Math, $.makeArray($(this).map(function () { return Number($(this).attr('data-sr-' + metricName)); })));
                    var scale = 1.0;
                    while (max > 0.0 && max <= 10.0) {
                        scale = scale * 10.0;
                        max = max * 10.0;
                    }
                    max = (Math.ceil(max / 2) * 2) / scale;

                    this.each(function () {
                        var barAnchor = $(this).find('a');
                        var actual = $(this).attr('data-sr-' + metricName);
                        var newHeight = Math.max(Math.round(maxBarSize * (actual - min) / (max - min)), 2);
                        barAnchor.css({ height: newHeight });
                    });

                    var unit = "";
                    if (metricName.substr(metricName.length - 4, 4) === "time")
                        unit = "s";

                    $('#testview .scale-min-label').each(function () {
                        $(this).text(min.toString() + unit);
                    });
                    $('#testview .scale-max-label').each(function () {
                        $(this).text(max.toString() + unit);
                    });
                    var mid = max / 2;
                    $('#testview .scale-mid-label').each(function () {
                        $(this).text(mid.toString() + unit);
                    });
                };
            })();

            function getComparer(metricName, isDesc) {
                return function (a, b) {
                    var aNumber = Number($(a).attr('data-sr-' + metricName));
                    var bNumber = Number($(b).attr('data-sr-' + metricName));
                    var result = aNumber > bNumber ? 1 : (aNumber < bNumber ? -1 : 0);
                    if (isDesc)
                        result = -1 * result;

                    if (result == 0 && metricName != "order")
                        result = getComparer("order", false)(a, b);

                    return result;
                };
            }

            var currentSort = "";
            function doSort(allowToggleDesc) {
                var newSort = $("input[name='barSortOrder']:checked").val();
                if (allowToggleDesc && currentSort == newSort) {
                    $('#barSortDesc').click();
                    doSort(false);
                    return;
                }
                currentSort = newSort;
                $('#testview td.testview-item').sortElements(getComparer(newSort, $('#barSortDesc').is(':checked')));
            }


            function doSetHeights(allowSort) {
                var selectedMetric = $("input[name='barHeight']:checked").val();
                $('#testview td.testview-item').setBarSizes(selectedMetric, 60, 0.0);

                if (allowSort && currentSort != selectedMetric) {
                    var $radios = $("input[name='barSortOrder']");
                    $radios.filter('[value=' + selectedMetric + ']').attr('checked', true);
                    $("#barSortDesc").attr("checked", [true]);
                    doSort(false);
                }
            }

            $(document).ready(function () {
                $("input[name='barSortOrder']").click(function () { doSort(true); return true; });
                $("input[name='barSortDesc']").change(function () { doSort(false); });
                $("input[name='barHeight']").change(function () { doSetHeights(true); });

                doSort(false);
                doSetHeights(false);

                $("div.scrollable").css({ 'overflow': 'auto' });
            });
        </script>

        <style type="text/css">
            body 
            {
                color: #000000;
                font-family: Arial,Liberation Sans,DejaVu Sans,sans-serif;
                line-height: 130%;
            }
            h1 {
                font-family: Trebuchet MS,Liberation Sans,DejaVu Sans,sans-serif;
                font-size: 170%;
                font-weight: bold;
            }            
            h2 {
                font-family: Trebuchet MS,Liberation Sans,DejaVu Sans,sans-serif;
                font-size: 130%;
                font-weight: bold;
                margin-bottom: 5px;
            }            
            h3 {
                font-family: Trebuchet MS,Liberation Sans,DejaVu Sans,sans-serif;
                font-size: 120%;
                font-weight: bold;
                margin-bottom: 5px;
            }            
            a.bar
            {
                text-decoration: none;
                display: block;
                line-height: 1px;
            }
            .description
            {
                font-style: italic;
            }
            .log 
            {
                width: 600px;
                white-space: pre-wrap;
                display: block;
                margin: 0px;
            }
            .errorMessage 
            {
                width: 600px;
                color: Red;
                font-weight: bold;
            }
            .stackTrace 
            {
                width: 600px;
                white-space: pre-wrap;
                font-style: italic;
                color: Red;
                display: block;
            }
            table.testEvents
            {
                border: solid 1px #e8eef4;
                border-collapse: collapse;
            }
            table.testEvents td
            {
                vertical-align: top;
                padding: 5px;
                border: solid 1px #e8eef4;
            }
            table.testEvents th
            {
                padding: 6px 5px;
                text-align: left;
                background-color: #e8eef4;
                border: solid 1px #e8eef4;                
            }
            .comment
            {
                font-style: italic;
                font-size: smaller;
            }
            .startupBar
            {
                background-color: #EEEEEE;
                cursor: default;
            }
            
            .colorSucceeded
            {
                background-color: #90ED7B;
            }
            .colorIgnored
            {
                background-color: #FFFF85;
            }
            .colorPending
            {
                background-color: #D47BED;
            }
            .colorNothingToRun
            {
                background-color: #CCCCFF;
            }
            .colorSkipped
            {
                background-color: #CCCCFF;
            }
            .colorInconclusive
            {
                background-color: #7BEDED;
            }
            .colorCleanupFailed
            {
                background-color: #FFCCCC;
            }
            .colorRandomlyFailed
            {
                background-color: #EDB07B;
            }
            .colorFailed
            {
                background-color: #ED5F5F;
            }
            .colorInitializationFailed
            {
                background-color: #FF0000;
            }
            .colorFrameworkError
            {
                background-color: #FF0000;
            }
            ul.subNodeLinks
            {
                padding-left: 20px;
                margin: 0px;
            }
            ul.subNodeLinks li
            {
                list-style: none;
            }
            
            /* views general */
            div.scrollable
            {
                /*overflow: auto; - thsi has to be set from js, because of an IE9 bug */
            }
            div.viewbox
            {
                position: relative;
                border: 3px solid #e8eef4;
            }
            div.viewbox table
            {
                border: 0px;
            }
                        
            /* testview */
            #testview
            {
                padding-top: 23px;
            }
            
            table.testview-items td
            {
                vertical-align: bottom;
                padding: 0px 1px 0px 1px;
            }
            td.right-padding, td.left-padding
            {
                width: 25px;
                min-width: 25px;
            }
            table.testview-items a.bar
            {
                width: 5px;
            }
            table.testview-items tr.testview-items-row
            {
                height: 60px;
            }
            
            /* scale */
            table.vertical-scale 
            {
                position: absolute;
                top: 23px;
                left: 0px;
                width: 100%;
                z-index: -100;
            }
            table.vertical-scale td, tr.horizontal-scale td
            {
                font-size: 60%;
                line-height: normal;
            }
            table.vertical-scale tr.scale-max, table.vertical-scale tr.scale-mid 
            {
                height: 30px;
            }
            tr.horizontal-scale, table.vertical-scale tr.scale-min 
            {
                height: 12px;
            }
            
            td.scale-max-label, td.scale-mid-label, td.scale-min-label
            {
                border-top: solid 1px #E6E6E6;
                text-align: left;
                vertical-align: top;
            }
            td.scale-10-label
            {
                border-left: solid 1px #E6E6E6;
                text-align: left;
                vertical-align: bottom;
                padding-left: 1px;
            }
            tr.scale-mid td, tr.scale-min td, tr.scale-max td
            {
                border-top: solid 1px #E6E6E6;
            }
           
            
            /* bar-control */
            #bar-control
            {
                font-size: 60%;
                line-height: normal;
                position: absolute;
                right: 0px;
                top: 0px;
            }
            #bar-control label
            {
                font-weight: bold;
                vertical-align: middle;
            }
            #bar-control .option
            {
                vertical-align: middle;
                text-transform: lowercase;
            }
            #bar-control input[type="checkbox"]
            {
                padding: 0 2px 0 3px;
            }
            #bar-control input
            {
                vertical-align: top;
                height: 12px;
                margin: 0px;
                padding: 0px;
            }
            #bar-control div
            {
                float: right;
                margin: 3px 5px 3px 5px;
            }
            
            
            /* timeline view */
            #timelineview
            {
                padding-top: 5px;
            }
            table.timelineview a
            {
                height: 20px;
            }
            table.timelineview td
            {
                vertical-align: bottom;
                padding: 0px 1px 0px 0px;
                border: 0px;
            }
            tr.thread-items-row
            {
                height: 25px;
            }
            tr.thread-items-row td
            {
                vertical-align: bottom;
            }
            td.thread-label
            {
                padding: 0px 6px 0px 6px;
                text-align: right;
                line-height: 18px;
                vertical-align: bottom;
            }
            th.thread-label
            {
                padding: 3px 6px 0px 6px;
                line-height: 18px;
                text-align: left;
                vertical-align: bottom;
            }
        </style>
	</head>
	<body>
        <h1>DoclerTest Test Execution Report</h1>
        <ul>
            <li>Project: DoclerTest</li>
            <li>Configuration: Default</li>
            <li>Test Assemblies: DoclerTest.dll</li>
            <li>Start Time: 2017. 11. 28. 22:19:31</li>
            <li>Duration: 00:00:00.3364611</li>
            <li>Test Threads: 1</li>
        </ul>

        <h2>Result: 3 failed</h2>
        <table class="testEvents">
                <tr>
        <th colspan="2">Success rate</th>
        <th>Tests</th>
        <th>Succeeded</th>
        <th>Failed</th>
        <th>Pending</th>
        <th>Ignored</th>
        <th>Skipped</th>
    </tr>

                <tr>
            <td>
            0%
    </td>
    <td>
        <table class="timelineview" cellpadding="0" cellspacing="0">
            <tr>
                    <td>
                        <a class="bar colorFailed" 
                           style="width: 31px;" 
                           title="3 failed" 
                                                          href="#error_summary"
                        />
                    </td>
                    <td>
                        <a class="bar colorSkipped" 
                           style="width: 167px;" 
                           title="16 skipped" 
                                                   />
                    </td>
            </tr>
            
        </table>
    </td>
    <td>19 (test executions: 23)</td>
    <td>0</td>
    <td>3</td>
    <td>0</td>
    <td>0</td>
    <td>16</td>

    </tr>

        </table>
        
        <h2>Test Timeline Summary</h2>

        <div id="timelineview" class="viewbox">
            <div class="scrollable">
                <table cellpadding="0" cellspacing="0">
                    <tr>
                        <th class="thread-label" colspan="2">thread</th>
                    </tr>
                        <tr class="thread-items-row">
                            <td class="thread-label" title="Machine: DESKTOP-VFKFEIG">#0</td>
                            <td colspan="1">
                                <table class="timelineview" cellpadding="0" cellspacing="0">
                                    <tr>

                                            <td>
        <a
            class="bar startupBar" 
            style="width: 83px;" 
                title="test thread startup" 
        >&nbsp;</a>
    </td>

    <td>
        <a
            class="bar colorFailed" 
            style="width: 54px;" 
                title="CheckingHomeButtonStatus (in DoclerTest.HomePageTests.HomeButtonStatusFeature)" 
                href="#t2004722732.0"
        >&nbsp;</a>
    </td>
    <td>
        <a
            class="bar colorFailed" 
            style="width: 3px;" 
                title="CheckingHomeButtonStatus (in DoclerTest.HomePageTests.HomeButtonStatusFeature) retry #1" 
                href="#t2004722732.1"
        >&nbsp;</a>
    </td>
    <td>
        <a
            class="bar colorFailed" 
            style="width: 3px;" 
                title="CheckingHomeButtonStatus (in DoclerTest.HomePageTests.HomeButtonStatusFeature) retry #2" 
                href="#t2004722732.2"
        >&nbsp;</a>
    </td>
    <td>
        <a
            class="bar colorFailed" 
            style="width: 3px;" 
                title="CheckingHomePageLogo (in DoclerTest.HomePageTests.HomePageLogoFeature)" 
                href="#t1744929073.0"
        >&nbsp;</a>
    </td>
    <td>
        <a
            class="bar colorFailed" 
            style="width: 3px;" 
                title="CheckingHomePageLogo (in DoclerTest.HomePageTests.HomePageLogoFeature) retry #1" 
                href="#t1744929073.1"
        >&nbsp;</a>
    </td>
    <td>
        <a
            class="bar colorFailed" 
            style="width: 3px;" 
                title="CheckingHomePageLogo (in DoclerTest.HomePageTests.HomePageLogoFeature) retry #2" 
                href="#t1744929073.2"
        >&nbsp;</a>
    </td>
    <td>
        <a
            class="bar colorFailed" 
            style="width: 3px;" 
                title="CheckingHomeButtonNavigation (in DoclerTest.HomePageTests.HomeButtonNavigateFeature)" 
                href="#t1766405941.0"
        >&nbsp;</a>
    </td>
                                    </tr>
                                </table>
                            </td>
                        </tr>
                    <tr class="horizontal-scale">
                        <td>&nbsp;</td>
                        <td class="scale-10-label">0s</td>
                    </tr>
                </table>
            </div>
        </div>

        <h2>Test Result View</h2>
        <div id="testview" class="viewbox">
            <div id="bar-control">
                <div id="bar-control-sort">
                    <label>sort by:</label>
                    <span class="option"><input type="radio" name="barSortOrder" value="exectime" />Time</span>
                    <span class="option"><input type="radio" name="barSortOrder" value="acttime" />Act Time</span>
                    <span class="option"><input type="radio" name="barSortOrder" value="order" />Execution</span>
                    <span class="option"><input type="radio" name="barSortOrder" value="rescode" checked="checked" />Result</span>
                    <span class="option"><input type="checkbox" name="barSortDesc" id="barSortDesc" checked="checked" />desc</span>
                </div>
                <div id="bar-control-heights">
                    <label>heights:</label>
                    <span class="option"><input type="radio" checked="checked" name="barHeight" value="exectime" />Time</span>
                    <span class="option"><input type="radio" name="barHeight" value="acttime" />Act Time</span>
                    
                </div>
            </div>
            <table class="vertical-scale" cellpadding="0" cellspacing="0">
                <tr class="scale-max">
                    <td class="left-padding scale-max-label">&nbsp;</td>
                    <td colspan="23">&nbsp;</td>
                    <td class="right-padding">&nbsp;</td>
                </tr>
                <tr class="scale-mid">
                    <td class="left-padding scale-mid-label">&nbsp;</td>
                    <td colspan="23">&nbsp;</td>
                    <td class="right-padding">&nbsp;</td>
                </tr>
                <tr class="scale-min">
                    <td class="left-padding scale-min-label">&nbsp;</td>
                    <td colspan="23">&nbsp;</td>
                    <td class="right-padding">&nbsp;</td>
                </tr>
            </table>
            <div class="scrollable">
                <table class="testview-items" cellpadding="0" cellspacing="0">
                    <tr class="testview-items-row">
                        <td class="left-padding">&nbsp;</td>
    <td class="testview-item" 
        data-sr-exectime="0" data-sr-rescode="320" data-sr-order="7" data-sr-acttime="0.0">
        <a
            class="bar colorSkipped" 
            style="height: 2px;"
            title="CheckingHomePageTitle (in DoclerTest.HomePageTests.HomePageTitleFeature)"
            href="#t756091037.0">&nbsp;</a>
    </td>
    <td class="testview-item" 
        data-sr-exectime="0" data-sr-rescode="320" data-sr-order="8" data-sr-acttime="0.0">
        <a
            class="bar colorSkipped" 
            style="height: 2px;"
            title="CheckingHomePageSiteText (in DoclerTest.HomePageTests.HomeTextSiteFeature)"
            href="#t1567938790.0">&nbsp;</a>
    </td>
    <td class="testview-item" 
        data-sr-exectime="0" data-sr-rescode="320" data-sr-order="9" data-sr-acttime="0.0">
        <a
            class="bar colorSkipped" 
            style="height: 2px;"
            title="CheckingHomePageWelcomeText (in DoclerTest.HomePageTests.HomeTextWelcomeFeature)"
            href="#t-1751833922.0">&nbsp;</a>
    </td>
    <td class="testview-item" 
        data-sr-exectime="0" data-sr-rescode="320" data-sr-order="10" data-sr-acttime="0.0">
        <a
            class="bar colorSkipped" 
            style="height: 2px;"
            title="CheckingUiTestingButtonNavigation (in DoclerTest.HomePageTests.UiTestingButtonNavigateFeature)"
            href="#t1800360889.0">&nbsp;</a>
    </td>
    <td class="testview-item" 
        data-sr-exectime="0" data-sr-rescode="320" data-sr-order="11" data-sr-acttime="0.0">
        <a
            class="bar colorSkipped" 
            style="height: 2px;"
            title="CheckingFormBoxAndButtonIsVisible (in DoclerTest.FormPageTests.FormBoxAndButtonFeature)"
            href="#t1052651065.0">&nbsp;</a>
    </td>
    <td class="testview-item" 
        data-sr-exectime="0" data-sr-rescode="320" data-sr-order="12" data-sr-acttime="0.0">
        <a
            class="bar colorSkipped" 
            style="height: 2px;"
            title="CheckingFormButtonNavigation (in DoclerTest.FormPageTests.FormButtonNavigateFeature)"
            href="#t1697752620.0">&nbsp;</a>
    </td>
    <td class="testview-item" 
        data-sr-exectime="0" data-sr-rescode="320" data-sr-order="13" data-sr-acttime="0.0">
        <a
            class="bar colorSkipped" 
            style="height: 2px;"
            title="CheckingFormButtonStatus (in DoclerTest.FormPageTests.FormButtonStatusFeature)"
            href="#t1707460557.0">&nbsp;</a>
    </td>
    <td class="testview-item" 
        data-sr-exectime="0" data-sr-rescode="320" data-sr-order="14" data-sr-acttime="0.0">
        <a
            class="bar colorSkipped" 
            style="height: 2px;"
            title="CheckingFormPageLogo (in DoclerTest.FormPageTests.FormPageLogoFeature)"
            href="#t136979825.0">&nbsp;</a>
    </td>
    <td class="testview-item" 
        data-sr-exectime="0" data-sr-rescode="320" data-sr-order="15" data-sr-acttime="0.0">
        <a
            class="bar colorSkipped" 
            style="height: 2px;"
            title="CheckingFormPageTitle (in DoclerTest.FormPageTests.FormPageTitleFeature)"
            href="#t-1877069788.0">&nbsp;</a>
    </td>
    <td class="testview-item" 
        data-sr-exectime="0" data-sr-rescode="320" data-sr-order="16" data-sr-acttime="0.0">
        <a
            class="bar colorSkipped" 
            style="height: 2px;"
            title="CheckingErrorPageHttpResponse (in DoclerTest.ErrorPageTests.ErrorPageHttpResponseFeature)"
            href="#t-625553534.0">&nbsp;</a>
    </td>
    <td class="testview-item" 
        data-sr-exectime="0" data-sr-rescode="320" data-sr-order="17" data-sr-acttime="0.0">
        <a
            class="bar colorSkipped" 
            style="height: 2px;"
            title="CheckingErrorPageLogo (in DoclerTest.ErrorPageTests.ErrorPageLogoFeature)"
            href="#t-452790913.0">&nbsp;</a>
    </td>
    <td class="testview-item" 
        data-sr-exectime="0" data-sr-rescode="320" data-sr-order="18" data-sr-acttime="0.0">
        <a
            class="bar colorSkipped" 
            style="height: 2px;"
            title="CheckingErrorPageTitle (in DoclerTest.ErrorPageTests.ErrorPageTitleFeature)"
            href="#t-438438884.0">&nbsp;</a>
    </td>
    <td class="testview-item" 
        data-sr-exectime="0" data-sr-rescode="320" data-sr-order="19" data-sr-acttime="0.0">
        <a
            class="bar colorSkipped" 
            style="height: 2px;"
            title="CheckingFormInputValues(&quot;John&quot;,&quot;Hello John!&quot;,null) (in CheckingFormInputValues)"
            href="#t1770686756.0">&nbsp;</a>
    </td>
    <td class="testview-item" 
        data-sr-exectime="0" data-sr-rescode="320" data-sr-order="20" data-sr-acttime="0.0">
        <a
            class="bar colorSkipped" 
            style="height: 2px;"
            title="CheckingFormInputValues(&quot;Sophia&quot;,&quot;Hello Sophia!&quot;,null) (in CheckingFormInputValues)"
            href="#t1922399463.0">&nbsp;</a>
    </td>
    <td class="testview-item" 
        data-sr-exectime="0" data-sr-rescode="320" data-sr-order="21" data-sr-acttime="0.0">
        <a
            class="bar colorSkipped" 
            style="height: 2px;"
            title="CheckingFormInputValues(&quot;Charlie&quot;,&quot;Hello Charlie!&quot;,null) (in CheckingFormInputValues)"
            href="#t1147217475.0">&nbsp;</a>
    </td>
    <td class="testview-item" 
        data-sr-exectime="0" data-sr-rescode="320" data-sr-order="22" data-sr-acttime="0.0">
        <a
            class="bar colorSkipped" 
            style="height: 2px;"
            title="CheckingFormInputValues(&quot;Emily&quot;,&quot;Hello Emily!&quot;,null) (in CheckingFormInputValues)"
            href="#t1500910362.0">&nbsp;</a>
    </td>
    <td class="testview-item" 
        data-sr-exectime="0.0310019" data-sr-rescode="440" data-sr-order="0" data-sr-acttime="0.0">
        <a
            class="bar colorFailed" 
            style="height: 60px;"
            title="CheckingHomeButtonStatus (in DoclerTest.HomePageTests.HomeButtonStatusFeature)"
            href="#t2004722732.0">&nbsp;</a>
    </td>
    <td class="testview-item" 
        data-sr-exectime="0.0040004" data-sr-rescode="440" data-sr-order="1" data-sr-acttime="0.0">
        <a
            class="bar colorFailed" 
            style="height: 8px;"
            title="CheckingHomeButtonStatus (in DoclerTest.HomePageTests.HomeButtonStatusFeature) retry #1"
            href="#t2004722732.1">&nbsp;</a>
    </td>
    <td class="testview-item" 
        data-sr-exectime="0.0030008" data-sr-rescode="440" data-sr-order="2" data-sr-acttime="0.0">
        <a
            class="bar colorFailed" 
            style="height: 6px;"
            title="CheckingHomeButtonStatus (in DoclerTest.HomePageTests.HomeButtonStatusFeature) retry #2"
            href="#t2004722732.2">&nbsp;</a>
    </td>
    <td class="testview-item" 
        data-sr-exectime="0.0040001" data-sr-rescode="440" data-sr-order="3" data-sr-acttime="0.0">
        <a
            class="bar colorFailed" 
            style="height: 8px;"
            title="CheckingHomePageLogo (in DoclerTest.HomePageTests.HomePageLogoFeature)"
            href="#t1744929073.0">&nbsp;</a>
    </td>
    <td class="testview-item" 
        data-sr-exectime="0.002" data-sr-rescode="440" data-sr-order="4" data-sr-acttime="0.0">
        <a
            class="bar colorFailed" 
            style="height: 4px;"
            title="CheckingHomePageLogo (in DoclerTest.HomePageTests.HomePageLogoFeature) retry #1"
            href="#t1744929073.1">&nbsp;</a>
    </td>
    <td class="testview-item" 
        data-sr-exectime="0.0020009" data-sr-rescode="440" data-sr-order="5" data-sr-acttime="0.0">
        <a
            class="bar colorFailed" 
            style="height: 4px;"
            title="CheckingHomePageLogo (in DoclerTest.HomePageTests.HomePageLogoFeature) retry #2"
            href="#t1744929073.2">&nbsp;</a>
    </td>
    <td class="testview-item" 
        data-sr-exectime="0.0040007" data-sr-rescode="440" data-sr-order="6" data-sr-acttime="0.0">
        <a
            class="bar colorFailed" 
            style="height: 8px;"
            title="CheckingHomeButtonNavigation (in DoclerTest.HomePageTests.HomeButtonNavigateFeature)"
            href="#t1766405941.0">&nbsp;</a>
    </td>
                        <td class="right-padding">&nbsp;</td>
                    </tr>
                    <tr class="horizontal-scale">
                        <td class="left-padding">&nbsp;</td>
                        <td colspan="10">&nbsp;</td>
                            <td class="scale-10-label" colspan="10">10</td>
                    </tr>
                </table>
            </div>
        </div>

        <h2>Feature Summary</h2>
        <table class="testEvents">
                <tr>
            <th>Feature</th>
        <th colspan="2">Success rate</th>
        <th>Tests</th>
        <th>Succeeded</th>
        <th>Failed</th>
        <th>Pending</th>
        <th>Ignored</th>
        <th>Skipped</th>
            <th>Duration</th>
    </tr>

    <tr>
            <td><a href="#f1488639660">DoclerTest.ErrorPageTests.ErrorPageHttpResponseFeature</a></td>
            <td>
            n/a
    </td>
    <td>
        <table class="timelineview" cellpadding="0" cellspacing="0">
            <tr>
                    <td>
                        <a class="bar colorSkipped" 
                           style="width: 199px;" 
                           title="1 skipped" 
                                                   />
                    </td>
            </tr>
            
        </table>
    </td>
    <td>1</td>
    <td>0</td>
    <td>0</td>
    <td>0</td>
    <td>0</td>
    <td>1</td>
        <td>00:00:00</td>

    </tr>
    <tr>
            <td><a href="#f1863510675">DoclerTest.ErrorPageTests.ErrorPageLogoFeature</a></td>
            <td>
            n/a
    </td>
    <td>
        <table class="timelineview" cellpadding="0" cellspacing="0">
            <tr>
                    <td>
                        <a class="bar colorSkipped" 
                           style="width: 199px;" 
                           title="1 skipped" 
                                                   />
                    </td>
            </tr>
            
        </table>
    </td>
    <td>1</td>
    <td>0</td>
    <td>0</td>
    <td>0</td>
    <td>0</td>
    <td>1</td>
        <td>00:00:00</td>

    </tr>
    <tr>
            <td><a href="#f1114832185">DoclerTest.ErrorPageTests.ErrorPageTitleFeature</a></td>
            <td>
            n/a
    </td>
    <td>
        <table class="timelineview" cellpadding="0" cellspacing="0">
            <tr>
                    <td>
                        <a class="bar colorSkipped" 
                           style="width: 199px;" 
                           title="1 skipped" 
                                                   />
                    </td>
            </tr>
            
        </table>
    </td>
    <td>1</td>
    <td>0</td>
    <td>0</td>
    <td>0</td>
    <td>0</td>
    <td>1</td>
        <td>00:00:00</td>

    </tr>
    <tr>
            <td><a href="#f-1524656928">DoclerTest.FormPageTests.FormBoxAndButtonFeature</a></td>
            <td>
            n/a
    </td>
    <td>
        <table class="timelineview" cellpadding="0" cellspacing="0">
            <tr>
                    <td>
                        <a class="bar colorSkipped" 
                           style="width: 199px;" 
                           title="1 skipped" 
                                                   />
                    </td>
            </tr>
            
        </table>
    </td>
    <td>1</td>
    <td>0</td>
    <td>0</td>
    <td>0</td>
    <td>0</td>
    <td>1</td>
        <td>00:00:00</td>

    </tr>
    <tr>
            <td><a href="#f-2086748660">DoclerTest.FormPageTests.FormButtonNavigateFeature</a></td>
            <td>
            n/a
    </td>
    <td>
        <table class="timelineview" cellpadding="0" cellspacing="0">
            <tr>
                    <td>
                        <a class="bar colorSkipped" 
                           style="width: 199px;" 
                           title="1 skipped" 
                                                   />
                    </td>
            </tr>
            
        </table>
    </td>
    <td>1</td>
    <td>0</td>
    <td>0</td>
    <td>0</td>
    <td>0</td>
    <td>1</td>
        <td>00:00:00</td>

    </tr>
    <tr>
            <td><a href="#f1868240677">DoclerTest.FormPageTests.FormButtonStatusFeature</a></td>
            <td>
            n/a
    </td>
    <td>
        <table class="timelineview" cellpadding="0" cellspacing="0">
            <tr>
                    <td>
                        <a class="bar colorSkipped" 
                           style="width: 199px;" 
                           title="1 skipped" 
                                                   />
                    </td>
            </tr>
            
        </table>
    </td>
    <td>1</td>
    <td>0</td>
    <td>0</td>
    <td>0</td>
    <td>0</td>
    <td>1</td>
        <td>00:00:00</td>

    </tr>
    <tr>
            <td><a href="#f-250866847">DoclerTest.FormPageTests.FormHelloPageFeature</a></td>
            <td>
            n/a
    </td>
    <td>
        <table class="timelineview" cellpadding="0" cellspacing="0">
            <tr>
                    <td>
                        <a class="bar colorSkipped" 
                           style="width: 199px;" 
                           title="4 skipped" 
                                                   />
                    </td>
            </tr>
            
        </table>
    </td>
    <td>4</td>
    <td>0</td>
    <td>0</td>
    <td>0</td>
    <td>0</td>
    <td>4</td>
        <td>00:00:00</td>

    </tr>
    <tr>
            <td><a href="#f446660919">DoclerTest.FormPageTests.FormPageLogoFeature</a></td>
            <td>
            n/a
    </td>
    <td>
        <table class="timelineview" cellpadding="0" cellspacing="0">
            <tr>
                    <td>
                        <a class="bar colorSkipped" 
                           style="width: 199px;" 
                           title="1 skipped" 
                                                   />
                    </td>
            </tr>
            
        </table>
    </td>
    <td>1</td>
    <td>0</td>
    <td>0</td>
    <td>0</td>
    <td>0</td>
    <td>1</td>
        <td>00:00:00</td>

    </tr>
    <tr>
            <td><a href="#f-1418447643">DoclerTest.FormPageTests.FormPageTitleFeature</a></td>
            <td>
            n/a
    </td>
    <td>
        <table class="timelineview" cellpadding="0" cellspacing="0">
            <tr>
                    <td>
                        <a class="bar colorSkipped" 
                           style="width: 199px;" 
                           title="1 skipped" 
                                                   />
                    </td>
            </tr>
            
        </table>
    </td>
    <td>1</td>
    <td>0</td>
    <td>0</td>
    <td>0</td>
    <td>0</td>
    <td>1</td>
        <td>00:00:00</td>

    </tr>
    <tr>
            <td><a href="#f2002855966">DoclerTest.HomePageTests.HomeButtonNavigateFeature</a></td>
            <td>
            0%
    </td>
    <td>
        <table class="timelineview" cellpadding="0" cellspacing="0">
            <tr>
                    <td>
                        <a class="bar colorFailed" 
                           style="width: 199px;" 
                           title="1 failed" 
                                                          href="#error_summary"
                        />
                    </td>
            </tr>
            
        </table>
    </td>
    <td>1</td>
    <td>0</td>
    <td>1</td>
    <td>0</td>
    <td>0</td>
    <td>0</td>
        <td>00:00:00.0040007</td>

    </tr>
    <tr>
            <td><a href="#f-1261121781">DoclerTest.HomePageTests.HomeButtonStatusFeature</a></td>
            <td>
            0%
    </td>
    <td>
        <table class="timelineview" cellpadding="0" cellspacing="0">
            <tr>
                    <td>
                        <a class="bar colorFailed" 
                           style="width: 199px;" 
                           title="1 failed" 
                                                          href="#error_summary"
                        />
                    </td>
            </tr>
            
        </table>
    </td>
    <td>1 (test executions: 3)</td>
    <td>0</td>
    <td>1</td>
    <td>0</td>
    <td>0</td>
    <td>0</td>
        <td>00:00:00.0380031</td>

    </tr>
    <tr>
            <td><a href="#f575280540">DoclerTest.HomePageTests.HomePageLogoFeature</a></td>
            <td>
            0%
    </td>
    <td>
        <table class="timelineview" cellpadding="0" cellspacing="0">
            <tr>
                    <td>
                        <a class="bar colorFailed" 
                           style="width: 199px;" 
                           title="1 failed" 
                                                          href="#error_summary"
                        />
                    </td>
            </tr>
            
        </table>
    </td>
    <td>1 (test executions: 3)</td>
    <td>0</td>
    <td>1</td>
    <td>0</td>
    <td>0</td>
    <td>0</td>
        <td>00:00:00.0080010</td>

    </tr>
    <tr>
            <td><a href="#f539711675">DoclerTest.HomePageTests.HomePageTitleFeature</a></td>
            <td>
            n/a
    </td>
    <td>
        <table class="timelineview" cellpadding="0" cellspacing="0">
            <tr>
                    <td>
                        <a class="bar colorSkipped" 
                           style="width: 199px;" 
                           title="1 skipped" 
                                                   />
                    </td>
            </tr>
            
        </table>
    </td>
    <td>1</td>
    <td>0</td>
    <td>0</td>
    <td>0</td>
    <td>0</td>
    <td>1</td>
        <td>00:00:00</td>

    </tr>
    <tr>
            <td><a href="#f-1232147811">DoclerTest.HomePageTests.HomeTextSiteFeature</a></td>
            <td>
            n/a
    </td>
    <td>
        <table class="timelineview" cellpadding="0" cellspacing="0">
            <tr>
                    <td>
                        <a class="bar colorSkipped" 
                           style="width: 199px;" 
                           title="1 skipped" 
                                                   />
                    </td>
            </tr>
            
        </table>
    </td>
    <td>1</td>
    <td>0</td>
    <td>0</td>
    <td>0</td>
    <td>0</td>
    <td>1</td>
        <td>00:00:00</td>

    </tr>
    <tr>
            <td><a href="#f2019455961">DoclerTest.HomePageTests.HomeTextWelcomeFeature</a></td>
            <td>
            n/a
    </td>
    <td>
        <table class="timelineview" cellpadding="0" cellspacing="0">
            <tr>
                    <td>
                        <a class="bar colorSkipped" 
                           style="width: 199px;" 
                           title="1 skipped" 
                                                   />
                    </td>
            </tr>
            
        </table>
    </td>
    <td>1</td>
    <td>0</td>
    <td>0</td>
    <td>0</td>
    <td>0</td>
    <td>1</td>
        <td>00:00:00</td>

    </tr>
    <tr>
            <td><a href="#f441237885">DoclerTest.HomePageTests.UiTestingButtonNavigateFeature</a></td>
            <td>
            n/a
    </td>
    <td>
        <table class="timelineview" cellpadding="0" cellspacing="0">
            <tr>
                    <td>
                        <a class="bar colorSkipped" 
                           style="width: 199px;" 
                           title="1 skipped" 
                                                   />
                    </td>
            </tr>
            
        </table>
    </td>
    <td>1</td>
    <td>0</td>
    <td>0</td>
    <td>0</td>
    <td>0</td>
    <td>1</td>
        <td>00:00:00</td>

    </tr>
        </table>

        <a name="error_summary" />
        <h2>Error Summary</h2>
        <table class="testEvents">
                <tr>
            <th>Test</th>
        <th colspan="2">Success rate</th>
        <th>Tests</th>
        <th>Succeeded</th>
        <th>Failed</th>
        <th>Pending</th>
        <th>Ignored</th>
        <th>Skipped</th>
    </tr>

                <tr>
                    <td>
                        <a href="#t2004722732.0">CheckingHomeButtonStatus (in DoclerTest, DoclerTest.HomePageTests.HomeButtonStatusFeature)</a>
                            <a href="#t2004722732.1">retry #1</a>
                            <a href="#t2004722732.2">retry #2</a>
                    </td>
                        <td>
            0%
    </td>
    <td>
        <table class="timelineview" cellpadding="0" cellspacing="0">
            <tr>
                    <td>
                        <a class="bar colorFailed" 
                           style="width: 199px;" 
                           title="1 failed" 
                                                          href="#error_summary"
                        />
                    </td>
            </tr>
            
        </table>
    </td>
    <td>1 (test executions: 3)</td>
    <td>0</td>
    <td>1</td>
    <td>0</td>
    <td>0</td>
    <td>0</td>

                </tr>
                <tr>
                    <td colspan="9" style="padding-left: 20px;"><div class="errorMessage">Error: Az objektumhivatkoz&#225;s nincs be&#225;ll&#237;tva semmilyen objektump&#233;ld&#225;nyra.</div></td>
                </tr>
                <tr>
                    <td>
                        <a href="#t1744929073.0">CheckingHomePageLogo (in DoclerTest, DoclerTest.HomePageTests.HomePageLogoFeature)</a>
                            <a href="#t1744929073.1">retry #1</a>
                            <a href="#t1744929073.2">retry #2</a>
                    </td>
                        <td>
            0%
    </td>
    <td>
        <table class="timelineview" cellpadding="0" cellspacing="0">
            <tr>
                    <td>
                        <a class="bar colorFailed" 
                           style="width: 199px;" 
                           title="1 failed" 
                                                          href="#error_summary"
                        />
                    </td>
            </tr>
            
        </table>
    </td>
    <td>1 (test executions: 3)</td>
    <td>0</td>
    <td>1</td>
    <td>0</td>
    <td>0</td>
    <td>0</td>

                </tr>
                <tr>
                    <td colspan="9" style="padding-left: 20px;"><div class="errorMessage">Error: Az objektumhivatkoz&#225;s nincs be&#225;ll&#237;tva semmilyen objektump&#233;ld&#225;nyra.</div></td>
                </tr>
                <tr>
                    <td>
                        <a href="#t1766405941.0">CheckingHomeButtonNavigation (in DoclerTest, DoclerTest.HomePageTests.HomeButtonNavigateFeature)</a>
                    </td>
                        <td>
            0%
    </td>
    <td>
        <table class="timelineview" cellpadding="0" cellspacing="0">
            <tr>
                    <td>
                        <a class="bar colorFailed" 
                           style="width: 199px;" 
                           title="1 failed" 
                                                          href="#error_summary"
                        />
                    </td>
            </tr>
            
        </table>
    </td>
    <td>1</td>
    <td>0</td>
    <td>1</td>
    <td>0</td>
    <td>0</td>
    <td>0</td>

                </tr>
                <tr>
                    <td colspan="9" style="padding-left: 20px;"><div class="errorMessage">Error: Az objektumhivatkoz&#225;s nincs be&#225;ll&#237;tva semmilyen objektump&#233;ld&#225;nyra.</div></td>
                </tr>
        </table>

        <h2>Scenario Summary</h2>
            <a name="f1488639660" />
            <h3>TestClass: DoclerTest.ErrorPageTests.ErrorPageHttpResponseFeature</h3>
            <table class="testEvents">
                    <tr>
            <th>Test</th>
        <th colspan="2">Success rate</th>
        <th>Tests</th>
        <th>Succeeded</th>
        <th>Failed</th>
        <th>Pending</th>
        <th>Ignored</th>
        <th>Skipped</th>
            <th>Duration</th>
    </tr>

                    <tr>
                        <td>
                                    <a href="#t-625553534.0">TestMethod: CheckingErrorPageHttpResponse</a>

                        </td>
                        
                            <td>
            n/a
    </td>
    <td>
        <table class="timelineview" cellpadding="0" cellspacing="0">
            <tr>
                    <td>
                        <a class="bar colorSkipped" 
                           style="width: 199px;" 
                           title="1 skipped" 
                                                   />
                    </td>
            </tr>
            
        </table>
    </td>
    <td>1</td>
    <td>0</td>
    <td>0</td>
    <td>0</td>
    <td>0</td>
    <td>1</td>
        <td>00:00:00</td>

                        
                    </tr>
            </table>
            <a name="f1863510675" />
            <h3>TestClass: DoclerTest.ErrorPageTests.ErrorPageLogoFeature</h3>
            <table class="testEvents">
                    <tr>
            <th>Test</th>
        <th colspan="2">Success rate</th>
        <th>Tests</th>
        <th>Succeeded</th>
        <th>Failed</th>
        <th>Pending</th>
        <th>Ignored</th>
        <th>Skipped</th>
            <th>Duration</th>
    </tr>

                    <tr>
                        <td>
                                    <a href="#t-452790913.0">TestMethod: CheckingErrorPageLogo</a>

                        </td>
                        
                            <td>
            n/a
    </td>
    <td>
        <table class="timelineview" cellpadding="0" cellspacing="0">
            <tr>
                    <td>
                        <a class="bar colorSkipped" 
                           style="width: 199px;" 
                           title="1 skipped" 
                                                   />
                    </td>
            </tr>
            
        </table>
    </td>
    <td>1</td>
    <td>0</td>
    <td>0</td>
    <td>0</td>
    <td>0</td>
    <td>1</td>
        <td>00:00:00</td>

                        
                    </tr>
            </table>
            <a name="f1114832185" />
            <h3>TestClass: DoclerTest.ErrorPageTests.ErrorPageTitleFeature</h3>
            <table class="testEvents">
                    <tr>
            <th>Test</th>
        <th colspan="2">Success rate</th>
        <th>Tests</th>
        <th>Succeeded</th>
        <th>Failed</th>
        <th>Pending</th>
        <th>Ignored</th>
        <th>Skipped</th>
            <th>Duration</th>
    </tr>

                    <tr>
                        <td>
                                    <a href="#t-438438884.0">TestMethod: CheckingErrorPageTitle</a>

                        </td>
                        
                            <td>
            n/a
    </td>
    <td>
        <table class="timelineview" cellpadding="0" cellspacing="0">
            <tr>
                    <td>
                        <a class="bar colorSkipped" 
                           style="width: 199px;" 
                           title="1 skipped" 
                                                   />
                    </td>
            </tr>
            
        </table>
    </td>
    <td>1</td>
    <td>0</td>
    <td>0</td>
    <td>0</td>
    <td>0</td>
    <td>1</td>
        <td>00:00:00</td>

                        
                    </tr>
            </table>
            <a name="f-1524656928" />
            <h3>TestClass: DoclerTest.FormPageTests.FormBoxAndButtonFeature</h3>
            <table class="testEvents">
                    <tr>
            <th>Test</th>
        <th colspan="2">Success rate</th>
        <th>Tests</th>
        <th>Succeeded</th>
        <th>Failed</th>
        <th>Pending</th>
        <th>Ignored</th>
        <th>Skipped</th>
            <th>Duration</th>
    </tr>

                    <tr>
                        <td>
                                    <a href="#t1052651065.0">TestMethod: CheckingFormBoxAndButtonIsVisible</a>

                        </td>
                        
                            <td>
            n/a
    </td>
    <td>
        <table class="timelineview" cellpadding="0" cellspacing="0">
            <tr>
                    <td>
                        <a class="bar colorSkipped" 
                           style="width: 199px;" 
                           title="1 skipped" 
                                                   />
                    </td>
            </tr>
            
        </table>
    </td>
    <td>1</td>
    <td>0</td>
    <td>0</td>
    <td>0</td>
    <td>0</td>
    <td>1</td>
        <td>00:00:00</td>

                        
                    </tr>
            </table>
            <a name="f-2086748660" />
            <h3>TestClass: DoclerTest.FormPageTests.FormButtonNavigateFeature</h3>
            <table class="testEvents">
                    <tr>
            <th>Test</th>
        <th colspan="2">Success rate</th>
        <th>Tests</th>
        <th>Succeeded</th>
        <th>Failed</th>
        <th>Pending</th>
        <th>Ignored</th>
        <th>Skipped</th>
            <th>Duration</th>
    </tr>

                    <tr>
                        <td>
                                    <a href="#t1697752620.0">TestMethod: CheckingFormButtonNavigation</a>

                        </td>
                        
                            <td>
            n/a
    </td>
    <td>
        <table class="timelineview" cellpadding="0" cellspacing="0">
            <tr>
                    <td>
                        <a class="bar colorSkipped" 
                           style="width: 199px;" 
                           title="1 skipped" 
                                                   />
                    </td>
            </tr>
            
        </table>
    </td>
    <td>1</td>
    <td>0</td>
    <td>0</td>
    <td>0</td>
    <td>0</td>
    <td>1</td>
        <td>00:00:00</td>

                        
                    </tr>
            </table>
            <a name="f1868240677" />
            <h3>TestClass: DoclerTest.FormPageTests.FormButtonStatusFeature</h3>
            <table class="testEvents">
                    <tr>
            <th>Test</th>
        <th colspan="2">Success rate</th>
        <th>Tests</th>
        <th>Succeeded</th>
        <th>Failed</th>
        <th>Pending</th>
        <th>Ignored</th>
        <th>Skipped</th>
            <th>Duration</th>
    </tr>

                    <tr>
                        <td>
                                    <a href="#t1707460557.0">TestMethod: CheckingFormButtonStatus</a>

                        </td>
                        
                            <td>
            n/a
    </td>
    <td>
        <table class="timelineview" cellpadding="0" cellspacing="0">
            <tr>
                    <td>
                        <a class="bar colorSkipped" 
                           style="width: 199px;" 
                           title="1 skipped" 
                                                   />
                    </td>
            </tr>
            
        </table>
    </td>
    <td>1</td>
    <td>0</td>
    <td>0</td>
    <td>0</td>
    <td>0</td>
    <td>1</td>
        <td>00:00:00</td>

                        
                    </tr>
            </table>
            <a name="f-250866847" />
            <h3>TestClass: DoclerTest.FormPageTests.FormHelloPageFeature</h3>
            <table class="testEvents">
                    <tr>
            <th>Test</th>
        <th colspan="2">Success rate</th>
        <th>Tests</th>
        <th>Succeeded</th>
        <th>Failed</th>
        <th>Pending</th>
        <th>Ignored</th>
        <th>Skipped</th>
            <th>Duration</th>
    </tr>

                    <tr>
                        <td>
                                    <span>ParameterizedTest: CheckingFormInputValues</span>
        <ul class="subNodeLinks">
            <li>
                    <a href="#t1770686756.0">CheckingFormInputValues(&quot;John&quot;,&quot;Hello John!&quot;,null)</a>

            </li>
            <li>
                    <a href="#t1922399463.0">CheckingFormInputValues(&quot;Sophia&quot;,&quot;Hello Sophia!&quot;,null)</a>

            </li>
            <li>
                    <a href="#t1147217475.0">CheckingFormInputValues(&quot;Charlie&quot;,&quot;Hello Charlie!&quot;,null)</a>

            </li>
            <li>
                    <a href="#t1500910362.0">CheckingFormInputValues(&quot;Emily&quot;,&quot;Hello Emily!&quot;,null)</a>

            </li>
        </ul>

                        </td>
                        
                            <td>
            n/a
    </td>
    <td>
        <table class="timelineview" cellpadding="0" cellspacing="0">
            <tr>
                    <td>
                        <a class="bar colorSkipped" 
                           style="width: 199px;" 
                           title="4 skipped" 
                                                   />
                    </td>
            </tr>
            
        </table>
    </td>
    <td>4</td>
    <td>0</td>
    <td>0</td>
    <td>0</td>
    <td>0</td>
    <td>4</td>
        <td>00:00:00</td>

                        
                    </tr>
            </table>
            <a name="f446660919" />
            <h3>TestClass: DoclerTest.FormPageTests.FormPageLogoFeature</h3>
            <table class="testEvents">
                    <tr>
            <th>Test</th>
        <th colspan="2">Success rate</th>
        <th>Tests</th>
        <th>Succeeded</th>
        <th>Failed</th>
        <th>Pending</th>
        <th>Ignored</th>
        <th>Skipped</th>
            <th>Duration</th>
    </tr>

                    <tr>
                        <td>
                                    <a href="#t136979825.0">TestMethod: CheckingFormPageLogo</a>

                        </td>
                        
                            <td>
            n/a
    </td>
    <td>
        <table class="timelineview" cellpadding="0" cellspacing="0">
            <tr>
                    <td>
                        <a class="bar colorSkipped" 
                           style="width: 199px;" 
                           title="1 skipped" 
                                                   />
                    </td>
            </tr>
            
        </table>
    </td>
    <td>1</td>
    <td>0</td>
    <td>0</td>
    <td>0</td>
    <td>0</td>
    <td>1</td>
        <td>00:00:00</td>

                        
                    </tr>
            </table>
            <a name="f-1418447643" />
            <h3>TestClass: DoclerTest.FormPageTests.FormPageTitleFeature</h3>
            <table class="testEvents">
                    <tr>
            <th>Test</th>
        <th colspan="2">Success rate</th>
        <th>Tests</th>
        <th>Succeeded</th>
        <th>Failed</th>
        <th>Pending</th>
        <th>Ignored</th>
        <th>Skipped</th>
            <th>Duration</th>
    </tr>

                    <tr>
                        <td>
                                    <a href="#t-1877069788.0">TestMethod: CheckingFormPageTitle</a>

                        </td>
                        
                            <td>
            n/a
    </td>
    <td>
        <table class="timelineview" cellpadding="0" cellspacing="0">
            <tr>
                    <td>
                        <a class="bar colorSkipped" 
                           style="width: 199px;" 
                           title="1 skipped" 
                                                   />
                    </td>
            </tr>
            
        </table>
    </td>
    <td>1</td>
    <td>0</td>
    <td>0</td>
    <td>0</td>
    <td>0</td>
    <td>1</td>
        <td>00:00:00</td>

                        
                    </tr>
            </table>
            <a name="f2002855966" />
            <h3>TestClass: DoclerTest.HomePageTests.HomeButtonNavigateFeature</h3>
            <table class="testEvents">
                    <tr>
            <th>Test</th>
        <th colspan="2">Success rate</th>
        <th>Tests</th>
        <th>Succeeded</th>
        <th>Failed</th>
        <th>Pending</th>
        <th>Ignored</th>
        <th>Skipped</th>
            <th>Duration</th>
    </tr>

                    <tr>
                        <td>
                                    <a href="#t1766405941.0">TestMethod: CheckingHomeButtonNavigation</a>

                        </td>
                        
                            <td>
            0%
    </td>
    <td>
        <table class="timelineview" cellpadding="0" cellspacing="0">
            <tr>
                    <td>
                        <a class="bar colorFailed" 
                           style="width: 199px;" 
                           title="1 failed" 
                                                          href="#error_summary"
                        />
                    </td>
            </tr>
            
        </table>
    </td>
    <td>1</td>
    <td>0</td>
    <td>1</td>
    <td>0</td>
    <td>0</td>
    <td>0</td>
        <td>00:00:00.0040007</td>

                        
                    </tr>
            </table>
            <a name="f-1261121781" />
            <h3>TestClass: DoclerTest.HomePageTests.HomeButtonStatusFeature</h3>
            <table class="testEvents">
                    <tr>
            <th>Test</th>
        <th colspan="2">Success rate</th>
        <th>Tests</th>
        <th>Succeeded</th>
        <th>Failed</th>
        <th>Pending</th>
        <th>Ignored</th>
        <th>Skipped</th>
            <th>Duration</th>
    </tr>

                    <tr>
                        <td>
                                    <a href="#t2004722732.0">TestMethod: CheckingHomeButtonStatus</a>
            <a href="#t2004722732.1">retry #1</a>
            <a href="#t2004722732.2">retry #2</a>

                        </td>
                        
                            <td>
            0%
    </td>
    <td>
        <table class="timelineview" cellpadding="0" cellspacing="0">
            <tr>
                    <td>
                        <a class="bar colorFailed" 
                           style="width: 199px;" 
                           title="1 failed" 
                                                          href="#error_summary"
                        />
                    </td>
            </tr>
            
        </table>
    </td>
    <td>1 (test executions: 3)</td>
    <td>0</td>
    <td>1</td>
    <td>0</td>
    <td>0</td>
    <td>0</td>
        <td>00:00:00.0380031</td>

                        
                    </tr>
            </table>
            <a name="f575280540" />
            <h3>TestClass: DoclerTest.HomePageTests.HomePageLogoFeature</h3>
            <table class="testEvents">
                    <tr>
            <th>Test</th>
        <th colspan="2">Success rate</th>
        <th>Tests</th>
        <th>Succeeded</th>
        <th>Failed</th>
        <th>Pending</th>
        <th>Ignored</th>
        <th>Skipped</th>
            <th>Duration</th>
    </tr>

                    <tr>
                        <td>
                                    <a href="#t1744929073.0">TestMethod: CheckingHomePageLogo</a>
            <a href="#t1744929073.1">retry #1</a>
            <a href="#t1744929073.2">retry #2</a>

                        </td>
                        
                            <td>
            0%
    </td>
    <td>
        <table class="timelineview" cellpadding="0" cellspacing="0">
            <tr>
                    <td>
                        <a class="bar colorFailed" 
                           style="width: 199px;" 
                           title="1 failed" 
                                                          href="#error_summary"
                        />
                    </td>
            </tr>
            
        </table>
    </td>
    <td>1 (test executions: 3)</td>
    <td>0</td>
    <td>1</td>
    <td>0</td>
    <td>0</td>
    <td>0</td>
        <td>00:00:00.0080010</td>

                        
                    </tr>
            </table>
            <a name="f539711675" />
            <h3>TestClass: DoclerTest.HomePageTests.HomePageTitleFeature</h3>
            <table class="testEvents">
                    <tr>
            <th>Test</th>
        <th colspan="2">Success rate</th>
        <th>Tests</th>
        <th>Succeeded</th>
        <th>Failed</th>
        <th>Pending</th>
        <th>Ignored</th>
        <th>Skipped</th>
            <th>Duration</th>
    </tr>

                    <tr>
                        <td>
                                    <a href="#t756091037.0">TestMethod: CheckingHomePageTitle</a>

                        </td>
                        
                            <td>
            n/a
    </td>
    <td>
        <table class="timelineview" cellpadding="0" cellspacing="0">
            <tr>
                    <td>
                        <a class="bar colorSkipped" 
                           style="width: 199px;" 
                           title="1 skipped" 
                                                   />
                    </td>
            </tr>
            
        </table>
    </td>
    <td>1</td>
    <td>0</td>
    <td>0</td>
    <td>0</td>
    <td>0</td>
    <td>1</td>
        <td>00:00:00</td>

                        
                    </tr>
            </table>
            <a name="f-1232147811" />
            <h3>TestClass: DoclerTest.HomePageTests.HomeTextSiteFeature</h3>
            <table class="testEvents">
                    <tr>
            <th>Test</th>
        <th colspan="2">Success rate</th>
        <th>Tests</th>
        <th>Succeeded</th>
        <th>Failed</th>
        <th>Pending</th>
        <th>Ignored</th>
        <th>Skipped</th>
            <th>Duration</th>
    </tr>

                    <tr>
                        <td>
                                    <a href="#t1567938790.0">TestMethod: CheckingHomePageSiteText</a>

                        </td>
                        
                            <td>
            n/a
    </td>
    <td>
        <table class="timelineview" cellpadding="0" cellspacing="0">
            <tr>
                    <td>
                        <a class="bar colorSkipped" 
                           style="width: 199px;" 
                           title="1 skipped" 
                                                   />
                    </td>
            </tr>
            
        </table>
    </td>
    <td>1</td>
    <td>0</td>
    <td>0</td>
    <td>0</td>
    <td>0</td>
    <td>1</td>
        <td>00:00:00</td>

                        
                    </tr>
            </table>
            <a name="f2019455961" />
            <h3>TestClass: DoclerTest.HomePageTests.HomeTextWelcomeFeature</h3>
            <table class="testEvents">
                    <tr>
            <th>Test</th>
        <th colspan="2">Success rate</th>
        <th>Tests</th>
        <th>Succeeded</th>
        <th>Failed</th>
        <th>Pending</th>
        <th>Ignored</th>
        <th>Skipped</th>
            <th>Duration</th>
    </tr>

                    <tr>
                        <td>
                                    <a href="#t-1751833922.0">TestMethod: CheckingHomePageWelcomeText</a>

                        </td>
                        
                            <td>
            n/a
    </td>
    <td>
        <table class="timelineview" cellpadding="0" cellspacing="0">
            <tr>
                    <td>
                        <a class="bar colorSkipped" 
                           style="width: 199px;" 
                           title="1 skipped" 
                                                   />
                    </td>
            </tr>
            
        </table>
    </td>
    <td>1</td>
    <td>0</td>
    <td>0</td>
    <td>0</td>
    <td>0</td>
    <td>1</td>
        <td>00:00:00</td>

                        
                    </tr>
            </table>
            <a name="f441237885" />
            <h3>TestClass: DoclerTest.HomePageTests.UiTestingButtonNavigateFeature</h3>
            <table class="testEvents">
                    <tr>
            <th>Test</th>
        <th colspan="2">Success rate</th>
        <th>Tests</th>
        <th>Succeeded</th>
        <th>Failed</th>
        <th>Pending</th>
        <th>Ignored</th>
        <th>Skipped</th>
            <th>Duration</th>
    </tr>

                    <tr>
                        <td>
                                    <a href="#t1800360889.0">TestMethod: CheckingUiTestingButtonNavigation</a>

                        </td>
                        
                            <td>
            n/a
    </td>
    <td>
        <table class="timelineview" cellpadding="0" cellspacing="0">
            <tr>
                    <td>
                        <a class="bar colorSkipped" 
                           style="width: 199px;" 
                           title="1 skipped" 
                                                   />
                    </td>
            </tr>
            
        </table>
    </td>
    <td>1</td>
    <td>0</td>
    <td>0</td>
    <td>0</td>
    <td>0</td>
    <td>1</td>
        <td>00:00:00</td>

                        
                    </tr>
            </table>

        <h2>Execution Details</h2>
            <a name="t2004722732.0" />
            <h3>TestMethod: CheckingHomeButtonStatus (in DoclerTest, DoclerTest.HomePageTests.HomeButtonStatusFeature)</h3>
                <div class="description">
                    tags: mytag
                </div>
            <ul>
                <li>Status: Failed</li>
                <li>Start time: 2017. 11. 28. 22:19:31</li>
                <li>Execution time (sec): 0,0310019</li>
                <li>Thread: #0</li>
                <li>Error: Az objektumhivatkoz&#225;s nincs be&#225;ll&#237;tva semmilyen objektump&#233;ld&#225;nyra.</li>
            </ul>
            <table class="testEvents">
                <tr>
                    <th>Steps</th>
                    <th>Trace</th>
                    <th>Result</th>
                </tr>
                    <tr>
                        <td>
                            <pre class="log"></pre>
                        </td>
                        <td>
                            <!-- [Test: TestMethod - CheckingHomeButtonStatus] -->
                            <pre class="log"></pre>
                                <div class="errorMessage">Az objektumhivatkoz&#225;s nincs be&#225;ll&#237;tva semmilyen objektump&#233;ld&#225;nyra.</div>
                                <pre class="stackTrace">System.NullReferenceException: Az objektumhivatkoz&#225;s nincs be&#225;ll&#237;tva semmilyen objektump&#233;ld&#225;nyra.
   a k&#246;vetkez helyen: DoclerTest.HomePageTests.HomeButtonStatusFeature.ScenarioSetup(ScenarioInfo scenarioInfo)
   a k&#246;vetkez helyen: DoclerTest.HomePageTests.HomeButtonStatusFeature.CheckingHomeButtonStatus() hely: C:\Users\Gabesz\Documents\Visual Studio 2015\Projects\DoclerTest\DoclerTest\HomePageTests\HomeButtonStatus.feature, sor: 4
   a k&#246;vetkez helyen: TechTalk.SpecRun.Framework.TaskExecutors.StaticOrInstanceMethodExecutor.ExecuteInternal(ITestThreadExecutionContext testThreadExecutionContext)
   a k&#246;vetkez helyen: TechTalk.SpecRun.Framework.TaskExecutors.StaticOrInstanceMethodExecutor.Execute(ITestThreadExecutionContext testThreadExecutionContext)
   a k&#246;vetkez helyen: TechTalk.SpecRun.Framework.TestAssemblyExecutor.ExecuteTestNodeTask(TestNode testNode, ITaskExecutor task, TraceEventType eventType)</pre>
                        </td>
                        <td>Failed in 0.006s</td>
                    </tr>
                    <tr>
                        <td>
                            <pre class="log"></pre>
                        </td>
                        <td>
                            <!-- [Cleanup: TestMethod - CheckingHomeButtonStatus] -->
                            <pre class="log"></pre>
                                <div class="errorMessage">Az objektumhivatkoz&#225;s nincs be&#225;ll&#237;tva semmilyen objektump&#233;ld&#225;nyra.</div>
                                <pre class="stackTrace">System.NullReferenceException: Az objektumhivatkoz&#225;s nincs be&#225;ll&#237;tva semmilyen objektump&#233;ld&#225;nyra.
   a k&#246;vetkez helyen: DoclerTest.HomePageTests.HomeButtonStatusFeature.ScenarioTearDown()
   a k&#246;vetkez helyen: TechTalk.SpecRun.Framework.TaskExecutors.StaticOrInstanceMethodExecutor.ExecuteInternal(ITestThreadExecutionContext testThreadExecutionContext)
   a k&#246;vetkez helyen: TechTalk.SpecRun.Framework.TaskExecutors.StaticOrInstanceMethodExecutor.Execute(ITestThreadExecutionContext testThreadExecutionContext)
   a k&#246;vetkez helyen: TechTalk.SpecRun.Framework.TestAssemblyExecutor.ExecuteTestNodeTask(TestNode testNode, ITaskExecutor task, TraceEventType eventType)</pre>
                        </td>
                        <td>Failed in 0s</td>
                    </tr>
            </table>
            <a name="t2004722732.1" />
            <h3>TestMethod: CheckingHomeButtonStatus (in DoclerTest, DoclerTest.HomePageTests.HomeButtonStatusFeature) retry #1</h3>
                <div class="description">
                    tags: mytag
                </div>
            <ul>
                <li>Status: Failed</li>
                <li>Start time: 2017. 11. 28. 22:19:31</li>
                <li>Execution time (sec): 0,0040004</li>
                <li>Thread: #0</li>
                <li>Error: Az objektumhivatkoz&#225;s nincs be&#225;ll&#237;tva semmilyen objektump&#233;ld&#225;nyra.</li>
            </ul>
            <table class="testEvents">
                <tr>
                    <th>Steps</th>
                    <th>Trace</th>
                    <th>Result</th>
                </tr>
                    <tr>
                        <td>
                            <pre class="log"></pre>
                        </td>
                        <td>
                            <!-- [Test: TestMethod - CheckingHomeButtonStatus] -->
                            <pre class="log"></pre>
                                <div class="errorMessage">Az objektumhivatkoz&#225;s nincs be&#225;ll&#237;tva semmilyen objektump&#233;ld&#225;nyra.</div>
                                <pre class="stackTrace">System.NullReferenceException: Az objektumhivatkoz&#225;s nincs be&#225;ll&#237;tva semmilyen objektump&#233;ld&#225;nyra.
   a k&#246;vetkez helyen: DoclerTest.HomePageTests.HomeButtonStatusFeature.ScenarioSetup(ScenarioInfo scenarioInfo)
   a k&#246;vetkez helyen: DoclerTest.HomePageTests.HomeButtonStatusFeature.CheckingHomeButtonStatus() hely: C:\Users\Gabesz\Documents\Visual Studio 2015\Projects\DoclerTest\DoclerTest\HomePageTests\HomeButtonStatus.feature, sor: 4
   a k&#246;vetkez helyen: TechTalk.SpecRun.Framework.TaskExecutors.StaticOrInstanceMethodExecutor.ExecuteInternal(ITestThreadExecutionContext testThreadExecutionContext)
   a k&#246;vetkez helyen: TechTalk.SpecRun.Framework.TaskExecutors.StaticOrInstanceMethodExecutor.Execute(ITestThreadExecutionContext testThreadExecutionContext)
   a k&#246;vetkez helyen: TechTalk.SpecRun.Framework.TestAssemblyExecutor.ExecuteTestNodeTask(TestNode testNode, ITaskExecutor task, TraceEventType eventType)</pre>
                        </td>
                        <td>Failed in 0.001s</td>
                    </tr>
                    <tr>
                        <td>
                            <pre class="log"></pre>
                        </td>
                        <td>
                            <!-- [Cleanup: TestMethod - CheckingHomeButtonStatus] -->
                            <pre class="log"></pre>
                                <div class="errorMessage">Az objektumhivatkoz&#225;s nincs be&#225;ll&#237;tva semmilyen objektump&#233;ld&#225;nyra.</div>
                                <pre class="stackTrace">System.NullReferenceException: Az objektumhivatkoz&#225;s nincs be&#225;ll&#237;tva semmilyen objektump&#233;ld&#225;nyra.
   a k&#246;vetkez helyen: DoclerTest.HomePageTests.HomeButtonStatusFeature.ScenarioTearDown()
   a k&#246;vetkez helyen: TechTalk.SpecRun.Framework.TaskExecutors.StaticOrInstanceMethodExecutor.ExecuteInternal(ITestThreadExecutionContext testThreadExecutionContext)
   a k&#246;vetkez helyen: TechTalk.SpecRun.Framework.TaskExecutors.StaticOrInstanceMethodExecutor.Execute(ITestThreadExecutionContext testThreadExecutionContext)
   a k&#246;vetkez helyen: TechTalk.SpecRun.Framework.TestAssemblyExecutor.ExecuteTestNodeTask(TestNode testNode, ITaskExecutor task, TraceEventType eventType)</pre>
                        </td>
                        <td>Failed in 0.001s</td>
                    </tr>
            </table>
            <a name="t2004722732.2" />
            <h3>TestMethod: CheckingHomeButtonStatus (in DoclerTest, DoclerTest.HomePageTests.HomeButtonStatusFeature) retry #2</h3>
                <div class="description">
                    tags: mytag
                </div>
            <ul>
                <li>Status: Failed</li>
                <li>Start time: 2017. 11. 28. 22:19:31</li>
                <li>Execution time (sec): 0,0030008</li>
                <li>Thread: #0</li>
                <li>Error: Az objektumhivatkoz&#225;s nincs be&#225;ll&#237;tva semmilyen objektump&#233;ld&#225;nyra.</li>
            </ul>
            <table class="testEvents">
                <tr>
                    <th>Steps</th>
                    <th>Trace</th>
                    <th>Result</th>
                </tr>
                    <tr>
                        <td>
                            <pre class="log"></pre>
                        </td>
                        <td>
                            <!-- [Test: TestMethod - CheckingHomeButtonStatus] -->
                            <pre class="log"></pre>
                                <div class="errorMessage">Az objektumhivatkoz&#225;s nincs be&#225;ll&#237;tva semmilyen objektump&#233;ld&#225;nyra.</div>
                                <pre class="stackTrace">System.NullReferenceException: Az objektumhivatkoz&#225;s nincs be&#225;ll&#237;tva semmilyen objektump&#233;ld&#225;nyra.
   a k&#246;vetkez helyen: DoclerTest.HomePageTests.HomeButtonStatusFeature.ScenarioSetup(ScenarioInfo scenarioInfo)
   a k&#246;vetkez helyen: DoclerTest.HomePageTests.HomeButtonStatusFeature.CheckingHomeButtonStatus() hely: C:\Users\Gabesz\Documents\Visual Studio 2015\Projects\DoclerTest\DoclerTest\HomePageTests\HomeButtonStatus.feature, sor: 4
   a k&#246;vetkez helyen: TechTalk.SpecRun.Framework.TaskExecutors.StaticOrInstanceMethodExecutor.ExecuteInternal(ITestThreadExecutionContext testThreadExecutionContext)
   a k&#246;vetkez helyen: TechTalk.SpecRun.Framework.TaskExecutors.StaticOrInstanceMethodExecutor.Execute(ITestThreadExecutionContext testThreadExecutionContext)
   a k&#246;vetkez helyen: TechTalk.SpecRun.Framework.TestAssemblyExecutor.ExecuteTestNodeTask(TestNode testNode, ITaskExecutor task, TraceEventType eventType)</pre>
                        </td>
                        <td>Failed in 0.001s</td>
                    </tr>
                    <tr>
                        <td>
                            <pre class="log"></pre>
                        </td>
                        <td>
                            <!-- [Cleanup: TestMethod - CheckingHomeButtonStatus] -->
                            <pre class="log"></pre>
                                <div class="errorMessage">Az objektumhivatkoz&#225;s nincs be&#225;ll&#237;tva semmilyen objektump&#233;ld&#225;nyra.</div>
                                <pre class="stackTrace">System.NullReferenceException: Az objektumhivatkoz&#225;s nincs be&#225;ll&#237;tva semmilyen objektump&#233;ld&#225;nyra.
   a k&#246;vetkez helyen: DoclerTest.HomePageTests.HomeButtonStatusFeature.ScenarioTearDown()
   a k&#246;vetkez helyen: TechTalk.SpecRun.Framework.TaskExecutors.StaticOrInstanceMethodExecutor.ExecuteInternal(ITestThreadExecutionContext testThreadExecutionContext)
   a k&#246;vetkez helyen: TechTalk.SpecRun.Framework.TaskExecutors.StaticOrInstanceMethodExecutor.Execute(ITestThreadExecutionContext testThreadExecutionContext)
   a k&#246;vetkez helyen: TechTalk.SpecRun.Framework.TestAssemblyExecutor.ExecuteTestNodeTask(TestNode testNode, ITaskExecutor task, TraceEventType eventType)</pre>
                        </td>
                        <td>Failed in 0s</td>
                    </tr>
            </table>
            <a name="t1744929073.0" />
            <h3>TestMethod: CheckingHomePageLogo (in DoclerTest, DoclerTest.HomePageTests.HomePageLogoFeature)</h3>
                <div class="description">
                    tags: mytag
                </div>
            <ul>
                <li>Status: Failed</li>
                <li>Start time: 2017. 11. 28. 22:19:31</li>
                <li>Execution time (sec): 0,0040001</li>
                <li>Thread: #0</li>
                <li>Error: Az objektumhivatkoz&#225;s nincs be&#225;ll&#237;tva semmilyen objektump&#233;ld&#225;nyra.</li>
            </ul>
            <table class="testEvents">
                <tr>
                    <th>Steps</th>
                    <th>Trace</th>
                    <th>Result</th>
                </tr>
                    <tr>
                        <td>
                            <pre class="log"></pre>
                        </td>
                        <td>
                            <!-- [Test: TestMethod - CheckingHomePageLogo] -->
                            <pre class="log"></pre>
                                <div class="errorMessage">Az objektumhivatkoz&#225;s nincs be&#225;ll&#237;tva semmilyen objektump&#233;ld&#225;nyra.</div>
                                <pre class="stackTrace">System.NullReferenceException: Az objektumhivatkoz&#225;s nincs be&#225;ll&#237;tva semmilyen objektump&#233;ld&#225;nyra.
   a k&#246;vetkez helyen: DoclerTest.HomePageTests.HomePageLogoFeature.ScenarioSetup(ScenarioInfo scenarioInfo)
   a k&#246;vetkez helyen: DoclerTest.HomePageTests.HomePageLogoFeature.CheckingHomePageLogo() hely: C:\Users\Gabesz\Documents\Visual Studio 2015\Projects\DoclerTest\DoclerTest\HomePageTests\HomePageLogo.feature, sor: 4
   a k&#246;vetkez helyen: TechTalk.SpecRun.Framework.TaskExecutors.StaticOrInstanceMethodExecutor.ExecuteInternal(ITestThreadExecutionContext testThreadExecutionContext)
   a k&#246;vetkez helyen: TechTalk.SpecRun.Framework.TaskExecutors.StaticOrInstanceMethodExecutor.Execute(ITestThreadExecutionContext testThreadExecutionContext)
   a k&#246;vetkez helyen: TechTalk.SpecRun.Framework.TestAssemblyExecutor.ExecuteTestNodeTask(TestNode testNode, ITaskExecutor task, TraceEventType eventType)</pre>
                        </td>
                        <td>Failed in 0.001s</td>
                    </tr>
                    <tr>
                        <td>
                            <pre class="log"></pre>
                        </td>
                        <td>
                            <!-- [Cleanup: TestMethod - CheckingHomePageLogo] -->
                            <pre class="log"></pre>
                                <div class="errorMessage">Az objektumhivatkoz&#225;s nincs be&#225;ll&#237;tva semmilyen objektump&#233;ld&#225;nyra.</div>
                                <pre class="stackTrace">System.NullReferenceException: Az objektumhivatkoz&#225;s nincs be&#225;ll&#237;tva semmilyen objektump&#233;ld&#225;nyra.
   a k&#246;vetkez helyen: DoclerTest.HomePageTests.HomePageLogoFeature.ScenarioTearDown()
   a k&#246;vetkez helyen: TechTalk.SpecRun.Framework.TaskExecutors.StaticOrInstanceMethodExecutor.ExecuteInternal(ITestThreadExecutionContext testThreadExecutionContext)
   a k&#246;vetkez helyen: TechTalk.SpecRun.Framework.TaskExecutors.StaticOrInstanceMethodExecutor.Execute(ITestThreadExecutionContext testThreadExecutionContext)
   a k&#246;vetkez helyen: TechTalk.SpecRun.Framework.TestAssemblyExecutor.ExecuteTestNodeTask(TestNode testNode, ITaskExecutor task, TraceEventType eventType)</pre>
                        </td>
                        <td>Failed in 0s</td>
                    </tr>
            </table>
            <a name="t1744929073.1" />
            <h3>TestMethod: CheckingHomePageLogo (in DoclerTest, DoclerTest.HomePageTests.HomePageLogoFeature) retry #1</h3>
                <div class="description">
                    tags: mytag
                </div>
            <ul>
                <li>Status: Failed</li>
                <li>Start time: 2017. 11. 28. 22:19:31</li>
                <li>Execution time (sec): 0,002</li>
                <li>Thread: #0</li>
                <li>Error: Az objektumhivatkoz&#225;s nincs be&#225;ll&#237;tva semmilyen objektump&#233;ld&#225;nyra.</li>
            </ul>
            <table class="testEvents">
                <tr>
                    <th>Steps</th>
                    <th>Trace</th>
                    <th>Result</th>
                </tr>
                    <tr>
                        <td>
                            <pre class="log"></pre>
                        </td>
                        <td>
                            <!-- [Test: TestMethod - CheckingHomePageLogo] -->
                            <pre class="log"></pre>
                                <div class="errorMessage">Az objektumhivatkoz&#225;s nincs be&#225;ll&#237;tva semmilyen objektump&#233;ld&#225;nyra.</div>
                                <pre class="stackTrace">System.NullReferenceException: Az objektumhivatkoz&#225;s nincs be&#225;ll&#237;tva semmilyen objektump&#233;ld&#225;nyra.
   a k&#246;vetkez helyen: DoclerTest.HomePageTests.HomePageLogoFeature.ScenarioSetup(ScenarioInfo scenarioInfo)
   a k&#246;vetkez helyen: DoclerTest.HomePageTests.HomePageLogoFeature.CheckingHomePageLogo() hely: C:\Users\Gabesz\Documents\Visual Studio 2015\Projects\DoclerTest\DoclerTest\HomePageTests\HomePageLogo.feature, sor: 4
   a k&#246;vetkez helyen: TechTalk.SpecRun.Framework.TaskExecutors.StaticOrInstanceMethodExecutor.ExecuteInternal(ITestThreadExecutionContext testThreadExecutionContext)
   a k&#246;vetkez helyen: TechTalk.SpecRun.Framework.TaskExecutors.StaticOrInstanceMethodExecutor.Execute(ITestThreadExecutionContext testThreadExecutionContext)
   a k&#246;vetkez helyen: TechTalk.SpecRun.Framework.TestAssemblyExecutor.ExecuteTestNodeTask(TestNode testNode, ITaskExecutor task, TraceEventType eventType)</pre>
                        </td>
                        <td>Failed in 0.001s</td>
                    </tr>
                    <tr>
                        <td>
                            <pre class="log"></pre>
                        </td>
                        <td>
                            <!-- [Cleanup: TestMethod - CheckingHomePageLogo] -->
                            <pre class="log"></pre>
                                <div class="errorMessage">Az objektumhivatkoz&#225;s nincs be&#225;ll&#237;tva semmilyen objektump&#233;ld&#225;nyra.</div>
                                <pre class="stackTrace">System.NullReferenceException: Az objektumhivatkoz&#225;s nincs be&#225;ll&#237;tva semmilyen objektump&#233;ld&#225;nyra.
   a k&#246;vetkez helyen: DoclerTest.HomePageTests.HomePageLogoFeature.ScenarioTearDown()
   a k&#246;vetkez helyen: TechTalk.SpecRun.Framework.TaskExecutors.StaticOrInstanceMethodExecutor.ExecuteInternal(ITestThreadExecutionContext testThreadExecutionContext)
   a k&#246;vetkez helyen: TechTalk.SpecRun.Framework.TaskExecutors.StaticOrInstanceMethodExecutor.Execute(ITestThreadExecutionContext testThreadExecutionContext)
   a k&#246;vetkez helyen: TechTalk.SpecRun.Framework.TestAssemblyExecutor.ExecuteTestNodeTask(TestNode testNode, ITaskExecutor task, TraceEventType eventType)</pre>
                        </td>
                        <td>Failed in 0.001s</td>
                    </tr>
            </table>
            <a name="t1744929073.2" />
            <h3>TestMethod: CheckingHomePageLogo (in DoclerTest, DoclerTest.HomePageTests.HomePageLogoFeature) retry #2</h3>
                <div class="description">
                    tags: mytag
                </div>
            <ul>
                <li>Status: Failed</li>
                <li>Start time: 2017. 11. 28. 22:19:31</li>
                <li>Execution time (sec): 0,0020009</li>
                <li>Thread: #0</li>
                <li>Error: Az objektumhivatkoz&#225;s nincs be&#225;ll&#237;tva semmilyen objektump&#233;ld&#225;nyra.</li>
            </ul>
            <table class="testEvents">
                <tr>
                    <th>Steps</th>
                    <th>Trace</th>
                    <th>Result</th>
                </tr>
                    <tr>
                        <td>
                            <pre class="log"></pre>
                        </td>
                        <td>
                            <!-- [Test: TestMethod - CheckingHomePageLogo] -->
                            <pre class="log"></pre>
                                <div class="errorMessage">Az objektumhivatkoz&#225;s nincs be&#225;ll&#237;tva semmilyen objektump&#233;ld&#225;nyra.</div>
                                <pre class="stackTrace">System.NullReferenceException: Az objektumhivatkoz&#225;s nincs be&#225;ll&#237;tva semmilyen objektump&#233;ld&#225;nyra.
   a k&#246;vetkez helyen: DoclerTest.HomePageTests.HomePageLogoFeature.ScenarioSetup(ScenarioInfo scenarioInfo)
   a k&#246;vetkez helyen: DoclerTest.HomePageTests.HomePageLogoFeature.CheckingHomePageLogo() hely: C:\Users\Gabesz\Documents\Visual Studio 2015\Projects\DoclerTest\DoclerTest\HomePageTests\HomePageLogo.feature, sor: 4
   a k&#246;vetkez helyen: TechTalk.SpecRun.Framework.TaskExecutors.StaticOrInstanceMethodExecutor.ExecuteInternal(ITestThreadExecutionContext testThreadExecutionContext)
   a k&#246;vetkez helyen: TechTalk.SpecRun.Framework.TaskExecutors.StaticOrInstanceMethodExecutor.Execute(ITestThreadExecutionContext testThreadExecutionContext)
   a k&#246;vetkez helyen: TechTalk.SpecRun.Framework.TestAssemblyExecutor.ExecuteTestNodeTask(TestNode testNode, ITaskExecutor task, TraceEventType eventType)</pre>
                        </td>
                        <td>Failed in 0.001s</td>
                    </tr>
                    <tr>
                        <td>
                            <pre class="log"></pre>
                        </td>
                        <td>
                            <!-- [Cleanup: TestMethod - CheckingHomePageLogo] -->
                            <pre class="log"></pre>
                                <div class="errorMessage">Az objektumhivatkoz&#225;s nincs be&#225;ll&#237;tva semmilyen objektump&#233;ld&#225;nyra.</div>
                                <pre class="stackTrace">System.NullReferenceException: Az objektumhivatkoz&#225;s nincs be&#225;ll&#237;tva semmilyen objektump&#233;ld&#225;nyra.
   a k&#246;vetkez helyen: DoclerTest.HomePageTests.HomePageLogoFeature.ScenarioTearDown()
   a k&#246;vetkez helyen: TechTalk.SpecRun.Framework.TaskExecutors.StaticOrInstanceMethodExecutor.ExecuteInternal(ITestThreadExecutionContext testThreadExecutionContext)
   a k&#246;vetkez helyen: TechTalk.SpecRun.Framework.TaskExecutors.StaticOrInstanceMethodExecutor.Execute(ITestThreadExecutionContext testThreadExecutionContext)
   a k&#246;vetkez helyen: TechTalk.SpecRun.Framework.TestAssemblyExecutor.ExecuteTestNodeTask(TestNode testNode, ITaskExecutor task, TraceEventType eventType)</pre>
                        </td>
                        <td>Failed in 0.001s</td>
                    </tr>
            </table>
            <a name="t1766405941.0" />
            <h3>TestMethod: CheckingHomeButtonNavigation (in DoclerTest, DoclerTest.HomePageTests.HomeButtonNavigateFeature)</h3>
                <div class="description">
                    tags: mytag
                </div>
            <ul>
                <li>Status: Failed</li>
                <li>Start time: 2017. 11. 28. 22:19:31</li>
                <li>Execution time (sec): 0,0040007</li>
                <li>Thread: #0</li>
                <li>Error: Az objektumhivatkoz&#225;s nincs be&#225;ll&#237;tva semmilyen objektump&#233;ld&#225;nyra.</li>
            </ul>
            <table class="testEvents">
                <tr>
                    <th>Steps</th>
                    <th>Trace</th>
                    <th>Result</th>
                </tr>
                    <tr>
                        <td>
                            <pre class="log"></pre>
                        </td>
                        <td>
                            <!-- [Test: TestMethod - CheckingHomeButtonNavigation] -->
                            <pre class="log"></pre>
                                <div class="errorMessage">Az objektumhivatkoz&#225;s nincs be&#225;ll&#237;tva semmilyen objektump&#233;ld&#225;nyra.</div>
                                <pre class="stackTrace">System.NullReferenceException: Az objektumhivatkoz&#225;s nincs be&#225;ll&#237;tva semmilyen objektump&#233;ld&#225;nyra.
   a k&#246;vetkez helyen: DoclerTest.HomePageTests.HomeButtonNavigateFeature.ScenarioSetup(ScenarioInfo scenarioInfo)
   a k&#246;vetkez helyen: DoclerTest.HomePageTests.HomeButtonNavigateFeature.CheckingHomeButtonNavigation() hely: C:\Users\Gabesz\Documents\Visual Studio 2015\Projects\DoclerTest\DoclerTest\HomePageTests\HomeButtonNavigate.feature, sor: 4
   a k&#246;vetkez helyen: TechTalk.SpecRun.Framework.TaskExecutors.StaticOrInstanceMethodExecutor.ExecuteInternal(ITestThreadExecutionContext testThreadExecutionContext)
   a k&#246;vetkez helyen: TechTalk.SpecRun.Framework.TaskExecutors.StaticOrInstanceMethodExecutor.Execute(ITestThreadExecutionContext testThreadExecutionContext)
   a k&#246;vetkez helyen: TechTalk.SpecRun.Framework.TestAssemblyExecutor.ExecuteTestNodeTask(TestNode testNode, ITaskExecutor task, TraceEventType eventType)</pre>
                        </td>
                        <td>Failed in 0.001s</td>
                    </tr>
                    <tr>
                        <td>
                            <pre class="log"></pre>
                        </td>
                        <td>
                            <!-- [Cleanup: TestMethod - CheckingHomeButtonNavigation] -->
                            <pre class="log"></pre>
                                <div class="errorMessage">Az objektumhivatkoz&#225;s nincs be&#225;ll&#237;tva semmilyen objektump&#233;ld&#225;nyra.</div>
                                <pre class="stackTrace">System.NullReferenceException: Az objektumhivatkoz&#225;s nincs be&#225;ll&#237;tva semmilyen objektump&#233;ld&#225;nyra.
   a k&#246;vetkez helyen: DoclerTest.HomePageTests.HomeButtonNavigateFeature.ScenarioTearDown()
   a k&#246;vetkez helyen: TechTalk.SpecRun.Framework.TaskExecutors.StaticOrInstanceMethodExecutor.ExecuteInternal(ITestThreadExecutionContext testThreadExecutionContext)
   a k&#246;vetkez helyen: TechTalk.SpecRun.Framework.TaskExecutors.StaticOrInstanceMethodExecutor.Execute(ITestThreadExecutionContext testThreadExecutionContext)
   a k&#246;vetkez helyen: TechTalk.SpecRun.Framework.TestAssemblyExecutor.ExecuteTestNodeTask(TestNode testNode, ITaskExecutor task, TraceEventType eventType)</pre>
                        </td>
                        <td>Failed in 0.001s</td>
                    </tr>
            </table>
            <a name="t756091037.0" />
            <h3>TestMethod: CheckingHomePageTitle (in DoclerTest, DoclerTest.HomePageTests.HomePageTitleFeature)</h3>
                <div class="description">
                    tags: mytag
                </div>
            <ul>
                <li>Status: Skipped</li>
                <li>Start time: 2017. 11. 28. 22:19:31</li>
                <li>Execution time (sec): 0</li>
                <li>Thread: #-1</li>
            </ul>
            <table class="testEvents">
                <tr>
                    <th>Steps</th>
                    <th>Trace</th>
                    <th>Result</th>
                </tr>
            </table>
            <a name="t1567938790.0" />
            <h3>TestMethod: CheckingHomePageSiteText (in DoclerTest, DoclerTest.HomePageTests.HomeTextSiteFeature)</h3>
                <div class="description">
                    tags: mytag
                </div>
            <ul>
                <li>Status: Skipped</li>
                <li>Start time: 2017. 11. 28. 22:19:31</li>
                <li>Execution time (sec): 0</li>
                <li>Thread: #-1</li>
            </ul>
            <table class="testEvents">
                <tr>
                    <th>Steps</th>
                    <th>Trace</th>
                    <th>Result</th>
                </tr>
            </table>
            <a name="t-1751833922.0" />
            <h3>TestMethod: CheckingHomePageWelcomeText (in DoclerTest, DoclerTest.HomePageTests.HomeTextWelcomeFeature)</h3>
                <div class="description">
                    tags: mytag
                </div>
            <ul>
                <li>Status: Skipped</li>
                <li>Start time: 2017. 11. 28. 22:19:31</li>
                <li>Execution time (sec): 0</li>
                <li>Thread: #-1</li>
            </ul>
            <table class="testEvents">
                <tr>
                    <th>Steps</th>
                    <th>Trace</th>
                    <th>Result</th>
                </tr>
            </table>
            <a name="t1800360889.0" />
            <h3>TestMethod: CheckingUiTestingButtonNavigation (in DoclerTest, DoclerTest.HomePageTests.UiTestingButtonNavigateFeature)</h3>
                <div class="description">
                    tags: mytag
                </div>
            <ul>
                <li>Status: Skipped</li>
                <li>Start time: 2017. 11. 28. 22:19:31</li>
                <li>Execution time (sec): 0</li>
                <li>Thread: #-1</li>
            </ul>
            <table class="testEvents">
                <tr>
                    <th>Steps</th>
                    <th>Trace</th>
                    <th>Result</th>
                </tr>
            </table>
            <a name="t1052651065.0" />
            <h3>TestMethod: CheckingFormBoxAndButtonIsVisible (in DoclerTest, DoclerTest.FormPageTests.FormBoxAndButtonFeature)</h3>
                <div class="description">
                    tags: mytag
                </div>
            <ul>
                <li>Status: Skipped</li>
                <li>Start time: 2017. 11. 28. 22:19:31</li>
                <li>Execution time (sec): 0</li>
                <li>Thread: #-1</li>
            </ul>
            <table class="testEvents">
                <tr>
                    <th>Steps</th>
                    <th>Trace</th>
                    <th>Result</th>
                </tr>
            </table>
            <a name="t1697752620.0" />
            <h3>TestMethod: CheckingFormButtonNavigation (in DoclerTest, DoclerTest.FormPageTests.FormButtonNavigateFeature)</h3>
                <div class="description">
                    tags: mytag
                </div>
            <ul>
                <li>Status: Skipped</li>
                <li>Start time: 2017. 11. 28. 22:19:31</li>
                <li>Execution time (sec): 0</li>
                <li>Thread: #-1</li>
            </ul>
            <table class="testEvents">
                <tr>
                    <th>Steps</th>
                    <th>Trace</th>
                    <th>Result</th>
                </tr>
            </table>
            <a name="t1707460557.0" />
            <h3>TestMethod: CheckingFormButtonStatus (in DoclerTest, DoclerTest.FormPageTests.FormButtonStatusFeature)</h3>
                <div class="description">
                    tags: mytag
                </div>
            <ul>
                <li>Status: Skipped</li>
                <li>Start time: 2017. 11. 28. 22:19:31</li>
                <li>Execution time (sec): 0</li>
                <li>Thread: #-1</li>
            </ul>
            <table class="testEvents">
                <tr>
                    <th>Steps</th>
                    <th>Trace</th>
                    <th>Result</th>
                </tr>
            </table>
            <a name="t136979825.0" />
            <h3>TestMethod: CheckingFormPageLogo (in DoclerTest, DoclerTest.FormPageTests.FormPageLogoFeature)</h3>
                <div class="description">
                    tags: mytag
                </div>
            <ul>
                <li>Status: Skipped</li>
                <li>Start time: 2017. 11. 28. 22:19:31</li>
                <li>Execution time (sec): 0</li>
                <li>Thread: #-1</li>
            </ul>
            <table class="testEvents">
                <tr>
                    <th>Steps</th>
                    <th>Trace</th>
                    <th>Result</th>
                </tr>
            </table>
            <a name="t-1877069788.0" />
            <h3>TestMethod: CheckingFormPageTitle (in DoclerTest, DoclerTest.FormPageTests.FormPageTitleFeature)</h3>
                <div class="description">
                    tags: mytag
                </div>
            <ul>
                <li>Status: Skipped</li>
                <li>Start time: 2017. 11. 28. 22:19:31</li>
                <li>Execution time (sec): 0</li>
                <li>Thread: #-1</li>
            </ul>
            <table class="testEvents">
                <tr>
                    <th>Steps</th>
                    <th>Trace</th>
                    <th>Result</th>
                </tr>
            </table>
            <a name="t-625553534.0" />
            <h3>TestMethod: CheckingErrorPageHttpResponse (in DoclerTest, DoclerTest.ErrorPageTests.ErrorPageHttpResponseFeature)</h3>
                <div class="description">
                    tags: mytag
                </div>
            <ul>
                <li>Status: Skipped</li>
                <li>Start time: 2017. 11. 28. 22:19:31</li>
                <li>Execution time (sec): 0</li>
                <li>Thread: #-1</li>
            </ul>
            <table class="testEvents">
                <tr>
                    <th>Steps</th>
                    <th>Trace</th>
                    <th>Result</th>
                </tr>
            </table>
            <a name="t-452790913.0" />
            <h3>TestMethod: CheckingErrorPageLogo (in DoclerTest, DoclerTest.ErrorPageTests.ErrorPageLogoFeature)</h3>
                <div class="description">
                    tags: mytag
                </div>
            <ul>
                <li>Status: Skipped</li>
                <li>Start time: 2017. 11. 28. 22:19:31</li>
                <li>Execution time (sec): 0</li>
                <li>Thread: #-1</li>
            </ul>
            <table class="testEvents">
                <tr>
                    <th>Steps</th>
                    <th>Trace</th>
                    <th>Result</th>
                </tr>
            </table>
            <a name="t-438438884.0" />
            <h3>TestMethod: CheckingErrorPageTitle (in DoclerTest, DoclerTest.ErrorPageTests.ErrorPageTitleFeature)</h3>
                <div class="description">
                    tags: mytag
                </div>
            <ul>
                <li>Status: Skipped</li>
                <li>Start time: 2017. 11. 28. 22:19:31</li>
                <li>Execution time (sec): 0</li>
                <li>Thread: #-1</li>
            </ul>
            <table class="testEvents">
                <tr>
                    <th>Steps</th>
                    <th>Trace</th>
                    <th>Result</th>
                </tr>
            </table>
            <a name="t1770686756.0" />
            <h3>TestMethod: CheckingFormInputValues(&quot;John&quot;,&quot;Hello John!&quot;,null) (in DoclerTest, DoclerTest.FormPageTests.FormHelloPageFeature, CheckingFormInputValues)</h3>
                <div class="description">
                    tags: mytag
                </div>
            <ul>
                <li>Status: Skipped</li>
                <li>Start time: 2017. 11. 28. 22:19:31</li>
                <li>Execution time (sec): 0</li>
                <li>Thread: #-1</li>
            </ul>
            <table class="testEvents">
                <tr>
                    <th>Steps</th>
                    <th>Trace</th>
                    <th>Result</th>
                </tr>
            </table>
            <a name="t1922399463.0" />
            <h3>TestMethod: CheckingFormInputValues(&quot;Sophia&quot;,&quot;Hello Sophia!&quot;,null) (in DoclerTest, DoclerTest.FormPageTests.FormHelloPageFeature, CheckingFormInputValues)</h3>
                <div class="description">
                    tags: mytag
                </div>
            <ul>
                <li>Status: Skipped</li>
                <li>Start time: 2017. 11. 28. 22:19:31</li>
                <li>Execution time (sec): 0</li>
                <li>Thread: #-1</li>
            </ul>
            <table class="testEvents">
                <tr>
                    <th>Steps</th>
                    <th>Trace</th>
                    <th>Result</th>
                </tr>
            </table>
            <a name="t1147217475.0" />
            <h3>TestMethod: CheckingFormInputValues(&quot;Charlie&quot;,&quot;Hello Charlie!&quot;,null) (in DoclerTest, DoclerTest.FormPageTests.FormHelloPageFeature, CheckingFormInputValues)</h3>
                <div class="description">
                    tags: mytag
                </div>
            <ul>
                <li>Status: Skipped</li>
                <li>Start time: 2017. 11. 28. 22:19:31</li>
                <li>Execution time (sec): 0</li>
                <li>Thread: #-1</li>
            </ul>
            <table class="testEvents">
                <tr>
                    <th>Steps</th>
                    <th>Trace</th>
                    <th>Result</th>
                </tr>
            </table>
            <a name="t1500910362.0" />
            <h3>TestMethod: CheckingFormInputValues(&quot;Emily&quot;,&quot;Hello Emily!&quot;,null) (in DoclerTest, DoclerTest.FormPageTests.FormHelloPageFeature, CheckingFormInputValues)</h3>
                <div class="description">
                    tags: mytag
                </div>
            <ul>
                <li>Status: Skipped</li>
                <li>Start time: 2017. 11. 28. 22:19:31</li>
                <li>Execution time (sec): 0</li>
                <li>Thread: #-1</li>
            </ul>
            <table class="testEvents">
                <tr>
                    <th>Steps</th>
                    <th>Trace</th>
                    <th>Result</th>
                </tr>
            </table>
	</body>
</html>
</a><div style='position: absolute; top:0px; right:10px; z-index: 1000; text-align: right; font-size: small; color: #FF5555'>
Generated by an evaluation version of SpecRun.<br />
This version can be used for evaluation purposes only.<br />
For obtaining a registered license please visit <a href='http://www.specflow.org/plus'>http://www.specflow.org/plus</a>.
</div>
